FWD_data/addresses/00206BF7E1DF211214143650_0022.pdf_4163.txt
FWD_data/addresses/CTY An phu my cs.pdf_4196.txt
FWD_data/addresses/00206BF7E1DF211214143650_0003.pdf_4137.txt
FWD_data/addresses/Appform_Van2.pdf_3467.txt
FWD_data/addresses/10021778.pdf_3757.txt
FWD_data/addresses/00206BF7E1DF211214143650_0026.pdf_4169.txt
FWD_data/addresses/00206BF7E1DF211220135609_0003.pdf_4225.txt
FWD_data/addresses/NBUGroup2@@480@@7403939.pdf_3588.txt
FWD_data/addresses/10024597.pdf_4101.txt
FWD_data/addresses/10024733.pdf_4096.txt
FWD_data/addresses/10022162.pdf_4095.txt
FWD_data/addresses/00206BF7E1DF211214143650_0029.pdf_4166.txt
FWD_data/addresses/00206BF7E1DF211220135609_0007.pdf_4229.txt
FWD_data/addresses/00206BF7E1DF211214143650_0027.pdf_4168.txt
FWD_data/addresses/Application form 008.pdf_3528.txt
FWD_data/addresses/Application form.pdf_3472.txt
FWD_data/addresses/NBUGroup2@@480@@8971854.pdf_3845.txt
FWD_data/addresses/Application form 002.pdf_3487.txt
FWD_data/addresses/10024746.pdf_4090.txt
FWD_data/addresses/NBUGroup2@@480@@9029073.pdf_4174.txt
FWD_data/addresses/00206BF7E1DF211214143650_0005.pdf_4135.txt
FWD_data/addresses/CTY Ngan ha cs.pdf_4197.txt
FWD_data/addresses/CTY RICH COM.pdf_4171.txt
FWD_data/addresses/NBUGroup2@@480@@9029073.pdf_3846.txt
FWD_data/addresses/10021778.pdf_3746.txt
